<?xml version="1.0" encoding="UTF-8"?>
<testsuite xmlns:xsi="http://www.w3.org/2001/XMLSchema-instance" xsi:noNamespaceSchemaLocation="https://maven.apache.org/surefire/maven-surefire-plugin/xsd/surefire-test-report.xsd" name="features.ManagementTest" time="4.837" tests="1" errors="0" skipped="0" failures="0">
  <properties>
    <property name="java.specification.version" value="17"/>
    <property name="sun.cpu.isalist" value="amd64"/>
    <property name="sun.jnu.encoding" value="Cp1252"/>
    <property name="java.class.path" value="C:\Users\jorge\OneDrive\Escritorio\KarateTemplate-main\myproject\target\test-classes;C:\Users\jorge\OneDrive\Escritorio\KarateTemplate-main\myproject\target\classes;C:\Users\jorge\.m2\repository\com\intuit\karate\karate-junit5\1.2.0\karate-junit5-1.2.0.jar;C:\Users\jorge\.m2\repository\com\intuit\karate\karate-core\1.2.0\karate-core-1.2.0.jar;C:\Users\jorge\.m2\repository\org\graalvm\js\js-scriptengine\21.2.0\js-scriptengine-21.2.0.jar;C:\Users\jorge\.m2\repository\org\graalvm\sdk\graal-sdk\21.2.0\graal-sdk-21.2.0.jar;C:\Users\jorge\.m2\repository\org\graalvm\js\js\21.2.0\js-21.2.0.jar;C:\Users\jorge\.m2\repository\org\graalvm\regex\regex\21.2.0\regex-21.2.0.jar;C:\Users\jorge\.m2\repository\org\graalvm\truffle\truffle-api\21.2.0\truffle-api-21.2.0.jar;C:\Users\jorge\.m2\repository\com\ibm\icu\icu4j\69.1\icu4j-69.1.jar;C:\Users\jorge\.m2\repository\org\thymeleaf\thymeleaf\3.0.14.RELEASE\thymeleaf-3.0.14.RELEASE.jar;C:\Users\jorge\.m2\repository\ognl\ognl\3.1.26\ognl-3.1.26.jar;C:\Users\jorge\.m2\repository\org\javassist\javassist\3.20.0-GA\javassist-3.20.0-GA.jar;C:\Users\jorge\.m2\repository\org\attoparser\attoparser\2.0.5.RELEASE\attoparser-2.0.5.RELEASE.jar;C:\Users\jorge\.m2\repository\org\unbescape\unbescape\1.1.6.RELEASE\unbescape-1.1.6.RELEASE.jar;C:\Users\jorge\.m2\repository\org\slf4j\slf4j-api\1.7.25\slf4j-api-1.7.25.jar;C:\Users\jorge\.m2\repository\com\linecorp\armeria\armeria\1.13.4\armeria-1.13.4.jar;C:\Users\jorge\.m2\repository\com\fasterxml\jackson\core\jackson-core\2.13.0\jackson-core-2.13.0.jar;C:\Users\jorge\.m2\repository\com\fasterxml\jackson\core\jackson-annotations\2.13.0\jackson-annotations-2.13.0.jar;C:\Users\jorge\.m2\repository\com\fasterxml\jackson\core\jackson-databind\2.13.0\jackson-databind-2.13.0.jar;C:\Users\jorge\.m2\repository\io\micrometer\micrometer-core\1.7.6\micrometer-core-1.7.6.jar;C:\Users\jorge\.m2\repository\org\hdrhistogram\HdrHistogram\2.1.12\HdrHistogram-2.1.12.jar;C:\Users\jorge\.m2\repository\org\latencyutils\LatencyUtils\2.0.3\LatencyUtils-2.0.3.jar;C:\Users\jorge\.m2\repository\io\netty\netty-transport\4.1.70.Final\netty-transport-4.1.70.Final.jar;C:\Users\jorge\.m2\repository\io\netty\netty-common\4.1.70.Final\netty-common-4.1.70.Final.jar;C:\Users\jorge\.m2\repository\io\netty\netty-buffer\4.1.70.Final\netty-buffer-4.1.70.Final.jar;C:\Users\jorge\.m2\repository\io\netty\netty-resolver\4.1.70.Final\netty-resolver-4.1.70.Final.jar;C:\Users\jorge\.m2\repository\io\netty\netty-codec-http2\4.1.70.Final\netty-codec-http2-4.1.70.Final.jar;C:\Users\jorge\.m2\repository\io\netty\netty-codec\4.1.70.Final\netty-codec-4.1.70.Final.jar;C:\Users\jorge\.m2\repository\io\netty\netty-handler\4.1.70.Final\netty-handler-4.1.70.Final.jar;C:\Users\jorge\.m2\repository\io\netty\netty-codec-http\4.1.70.Final\netty-codec-http-4.1.70.Final.jar;C:\Users\jorge\.m2\repository\io\netty\netty-codec-haproxy\4.1.70.Final\netty-codec-haproxy-4.1.70.Final.jar;C:\Users\jorge\.m2\repository\io\netty\netty-resolver-dns\4.1.70.Final\netty-resolver-dns-4.1.70.Final.jar;C:\Users\jorge\.m2\repository\io\netty\netty-codec-dns\4.1.70.Final\netty-codec-dns-4.1.70.Final.jar;C:\Users\jorge\.m2\repository\org\reactivestreams\reactive-streams\1.0.3\reactive-streams-1.0.3.jar;C:\Users\jorge\.m2\repository\com\google\code\findbugs\jsr305\3.0.2\jsr305-3.0.2.jar;C:\Users\jorge\.m2\repository\io\netty\netty-resolver-dns-native-macos\4.1.70.Final\netty-resolver-dns-native-macos-4.1.70.Final-osx-x86_64.jar;C:\Users\jorge\.m2\repository\io\netty\netty-resolver-dns-classes-macos\4.1.70.Final\netty-resolver-dns-classes-macos-4.1.70.Final.jar;C:\Users\jorge\.m2\repository\io\netty\netty-transport-native-unix-common\4.1.70.Final\netty-transport-native-unix-common-4.1.70.Final-linux-x86_64.jar;C:\Users\jorge\.m2\repository\io\netty\netty-transport-native-epoll\4.1.70.Final\netty-transport-native-epoll-4.1.70.Final-linux-x86_64.jar;C:\Users\jorge\.m2\repository\io\netty\netty-transport-native-unix-common\4.1.70.Final\netty-transport-native-unix-common-4.1.70.Final.jar;C:\Users\jorge\.m2\repository\io\netty\netty-transport-classes-epoll\4.1.70.Final\netty-transport-classes-epoll-4.1.70.Final.jar;C:\Users\jorge\.m2\repository\io\netty\netty-tcnative-boringssl-static\2.0.44.Final\netty-tcnative-boringssl-static-2.0.44.Final.jar;C:\Users\jorge\.m2\repository\io\netty\netty-handler-proxy\4.1.70.Final\netty-handler-proxy-4.1.70.Final.jar;C:\Users\jorge\.m2\repository\io\netty\netty-codec-socks\4.1.70.Final\netty-codec-socks-4.1.70.Final.jar;C:\Users\jorge\.m2\repository\com\aayushatharva\brotli4j\brotli4j\1.6.0\brotli4j-1.6.0.jar;C:\Users\jorge\.m2\repository\com\aayushatharva\brotli4j\native-windows-x86_64\1.6.0\native-windows-x86_64-1.6.0.jar;C:\Users\jorge\.m2\repository\org\apache\httpcomponents\httpclient\4.5.13\httpclient-4.5.13.jar;C:\Users\jorge\.m2\repository\org\apache\httpcomponents\httpcore\4.4.13\httpcore-4.4.13.jar;C:\Users\jorge\.m2\repository\commons-codec\commons-codec\1.11\commons-codec-1.11.jar;C:\Users\jorge\.m2\repository\ch\qos\logback\logback-classic\1.2.9\logback-classic-1.2.9.jar;C:\Users\jorge\.m2\repository\ch\qos\logback\logback-core\1.2.9\logback-core-1.2.9.jar;C:\Users\jorge\.m2\repository\org\slf4j\jcl-over-slf4j\1.7.32\jcl-over-slf4j-1.7.32.jar;C:\Users\jorge\.m2\repository\org\antlr\antlr4-runtime\4.9.2\antlr4-runtime-4.9.2.jar;C:\Users\jorge\.m2\repository\com\jayway\jsonpath\json-path\2.7.0\json-path-2.7.0.jar;C:\Users\jorge\.m2\repository\net\minidev\json-smart\2.4.7\json-smart-2.4.7.jar;C:\Users\jorge\.m2\repository\net\minidev\accessors-smart\2.4.7\accessors-smart-2.4.7.jar;C:\Users\jorge\.m2\repository\org\ow2\asm\asm\9.1\asm-9.1.jar;C:\Users\jorge\.m2\repository\info\cukes\cucumber-java\1.2.5\cucumber-java-1.2.5.jar;C:\Users\jorge\.m2\repository\info\cukes\cucumber-core\1.2.5\cucumber-core-1.2.5.jar;C:\Users\jorge\.m2\repository\org\yaml\snakeyaml\1.29\snakeyaml-1.29.jar;C:\Users\jorge\.m2\repository\de\siegmar\fastcsv\2.0.0\fastcsv-2.0.0.jar;C:\Users\jorge\.m2\repository\info\picocli\picocli\4.6.1\picocli-4.6.1.jar;C:\Users\jorge\.m2\repository\io\github\classgraph\classgraph\4.8.108\classgraph-4.8.108.jar;C:\Users\jorge\.m2\repository\org\junit\jupiter\junit-jupiter-api\5.7.2\junit-jupiter-api-5.7.2.jar;C:\Users\jorge\.m2\repository\org\apiguardian\apiguardian-api\1.1.0\apiguardian-api-1.1.0.jar;C:\Users\jorge\.m2\repository\org\opentest4j\opentest4j\1.2.0\opentest4j-1.2.0.jar;C:\Users\jorge\.m2\repository\org\junit\platform\junit-platform-commons\1.7.2\junit-platform-commons-1.7.2.jar;C:\Users\jorge\.m2\repository\org\junit\jupiter\junit-jupiter-engine\5.7.2\junit-jupiter-engine-5.7.2.jar;C:\Users\jorge\.m2\repository\org\junit\platform\junit-platform-engine\1.7.2\junit-platform-engine-1.7.2.jar;C:\Users\jorge\.m2\repository\com\intuit\karate\karate-gatling\1.2.0\karate-gatling-1.2.0.jar;C:\Users\jorge\.m2\repository\io\gatling\highcharts\gatling-charts-highcharts\3.7.4\gatling-charts-highcharts-3.7.4.jar;C:\Users\jorge\.m2\repository\io\gatling\gatling-app\3.7.4\gatling-app-3.7.4.jar;C:\Users\jorge\.m2\repository\io\gatling\gatling-core\3.7.4\gatling-core-3.7.4.jar;C:\Users\jorge\.m2\repository\io\gatling\gatling-commons\3.7.4\gatling-commons-3.7.4.jar;C:\Users\jorge\.m2\repository\io\gatling\gatling-commons-shared\3.7.4\gatling-commons-shared-3.7.4.jar;C:\Users\jorge\.m2\repository\org\scala-lang\scala-reflect\2.13.8\scala-reflect-2.13.8.jar;C:\Users\jorge\.m2\repository\io\suzaku\boopickle_2.13\1.3.3\boopickle_2.13-1.3.3.jar;C:\Users\jorge\.m2\repository\io\gatling\gatling-commons-shared-unstable\3.7.4\gatling-commons-shared-unstable-3.7.4.jar;C:\Users\jorge\.m2\repository\org\typelevel\spire-macros_2.13\0.17.0\spire-macros_2.13-0.17.0.jar;C:\Users\jorge\.m2\repository\com\typesafe\scala-logging\scala-logging_2.13\3.9.4\scala-logging_2.13-3.9.4.jar;C:\Users\jorge\.m2\repository\io\gatling\gatling-jsonpath\3.7.4\gatling-jsonpath-3.7.4.jar;C:\Users\jorge\.m2\repository\com\typesafe\akka\akka-slf4j_2.13\2.6.18\akka-slf4j_2.13-2.6.18.jar;C:\Users\jorge\.m2\repository\org\simpleflatmapper\lightning-csv\8.2.3\lightning-csv-8.2.3.jar;C:\Users\jorge\.m2\repository\org\simpleflatmapper\sfm-util\8.2.3\sfm-util-8.2.3.jar;C:\Users\jorge\.m2\repository\com\github\ben-manes\caffeine\caffeine\2.9.3\caffeine-2.9.3.jar;C:\Users\jorge\.m2\repository\org\checkerframework\checker-qual\3.19.0\checker-qual-3.19.0.jar;C:\Users\jorge\.m2\repository\com\google\errorprone\error_prone_annotations\2.10.0\error_prone_annotations-2.10.0.jar;C:\Users\jorge\.m2\repository\io\pebbletemplates\pebble\3.1.5\pebble-3.1.5.jar;C:\Users\jorge\.m2\repository\org\scala-lang\modules\scala-parser-combinators_2.13\2.1.0\scala-parser-combinators_2.13-2.1.0.jar;C:\Users\jorge\.m2\repository\com\github\scopt\scopt_2.13\3.7.1\scopt_2.13-3.7.1.jar;C:\Users\jorge\.m2\repository\com\softwaremill\quicklens\quicklens_2.13\1.8.2\quicklens_2.13-1.8.2.jar;C:\Users\jorge\.m2\repository\net\sf\saxon\Saxon-HE\10.6\Saxon-HE-10.6.jar;C:\Users\jorge\.m2\repository\org\jodd\jodd-lagarto\6.0.5\jodd-lagarto-6.0.5.jar;C:\Users\jorge\.m2\repository\org\jodd\jodd-util\6.0.1\jodd-util-6.0.1.jar;C:\Users\jorge\.m2\repository\io\burt\jmespath-jackson\0.5.1\jmespath-jackson-0.5.1.jar;C:\Users\jorge\.m2\repository\io\burt\jmespath-core\0.5.1\jmespath-core-0.5.1.jar;C:\Users\jorge\.m2\repository\io\gatling\gatling-core-java\3.7.4\gatling-core-java-3.7.4.jar;C:\Users\jorge\.m2\repository\net\jodah\typetools\0.6.3\typetools-0.6.3.jar;C:\Users\jorge\.m2\repository\io\gatling\gatling-http\3.7.4\gatling-http-3.7.4.jar;C:\Users\jorge\.m2\repository\io\gatling\gatling-http-client\3.7.4\gatling-http-client-3.7.4.jar;C:\Users\jorge\.m2\repository\com\aayushatharva\brotli4j\native-linux-x86_64\1.6.0\native-linux-x86_64-1.6.0.jar;C:\Users\jorge\.m2\repository\com\aayushatharva\brotli4j\native-linux-aarch64\1.6.0\native-linux-aarch64-1.6.0.jar;C:\Users\jorge\.m2\repository\com\aayushatharva\brotli4j\native-osx-x86_64\1.6.0\native-osx-x86_64-1.6.0.jar;C:\Users\jorge\.m2\repository\io\gatling\gatling-http-java\3.7.4\gatling-http-java-3.7.4.jar;C:\Users\jorge\.m2\repository\io\gatling\gatling-jms\3.7.4\gatling-jms-3.7.4.jar;C:\Users\jorge\.m2\repository\javax\jms\javax.jms-api\2.0.1\javax.jms-api-2.0.1.jar;C:\Users\jorge\.m2\repository\com\eatthepath\fast-uuid\0.2.0\fast-uuid-0.2.0.jar;C:\Users\jorge\.m2\repository\io\gatling\gatling-jms-java\3.7.4\gatling-jms-java-3.7.4.jar;C:\Users\jorge\.m2\repository\io\gatling\gatling-mqtt\3.7.4\gatling-mqtt-3.7.4.jar;C:\Users\jorge\.m2\repository\io\gatling\gatling-netty-util\3.7.4\gatling-netty-util-3.7.4.jar;C:\Users\jorge\.m2\repository\io\netty\netty-codec-mqtt\4.1.73.Final\netty-codec-mqtt-4.1.73.Final.jar;C:\Users\jorge\.m2\repository\io\netty\netty-transport-native-epoll\4.1.73.Final\netty-transport-native-epoll-4.1.73.Final-linux-aarch_64.jar;C:\Users\jorge\.m2\repository\io\gatling\gatling-mqtt-java\3.7.4\gatling-mqtt-java-3.7.4.jar;C:\Users\jorge\.m2\repository\io\gatling\gatling-jdbc\3.7.4\gatling-jdbc-3.7.4.jar;C:\Users\jorge\.m2\repository\io\gatling\gatling-jdbc-java\3.7.4\gatling-jdbc-java-3.7.4.jar;C:\Users\jorge\.m2\repository\io\gatling\gatling-redis\3.7.4\gatling-redis-3.7.4.jar;C:\Users\jorge\.m2\repository\net\debasishg\redisclient_2.13\3.42\redisclient_2.13-3.42.jar;C:\Users\jorge\.m2\repository\org\apache\commons\commons-pool2\2.8.0\commons-pool2-2.8.0.jar;C:\Users\jorge\.m2\repository\io\gatling\gatling-redis-java\3.7.4\gatling-redis-java-3.7.4.jar;C:\Users\jorge\.m2\repository\io\gatling\gatling-graphite\3.7.4\gatling-graphite-3.7.4.jar;C:\Users\jorge\.m2\repository\io\gatling\gatling-charts\3.7.4\gatling-charts-3.7.4.jar;C:\Users\jorge\.m2\repository\com\tdunning\t-digest\3.1\t-digest-3.1.jar;C:\Users\jorge\.m2\repository\io\gatling\gatling-recorder\3.7.4\gatling-recorder-3.7.4.jar;C:\Users\jorge\.m2\repository\org\scala-lang\modules\scala-swing_2.13\3.0.0\scala-swing_2.13-3.0.0.jar;C:\Users\jorge\.m2\repository\org\bouncycastle\bcpkix-jdk15on\1.70\bcpkix-jdk15on-1.70.jar;C:\Users\jorge\.m2\repository\org\bouncycastle\bcprov-jdk15on\1.70\bcprov-jdk15on-1.70.jar;C:\Users\jorge\.m2\repository\org\bouncycastle\bcutil-jdk15on\1.70\bcutil-jdk15on-1.70.jar;C:\Users\jorge\.m2\repository\com\typesafe\akka\akka-actor_2.13\2.6.18\akka-actor_2.13-2.6.18.jar;C:\Users\jorge\.m2\repository\com\typesafe\config\1.4.0\config-1.4.0.jar;C:\Users\jorge\.m2\repository\org\scala-lang\modules\scala-java8-compat_2.13\1.0.0\scala-java8-compat_2.13-1.0.0.jar;C:\Users\jorge\.m2\repository\org\scala-lang\scala-library\2.13.8\scala-library-2.13.8.jar;"/>
    <property name="java.vm.vendor" value="Oracle Corporation"/>
    <property name="sun.arch.data.model" value="64"/>
    <property name="user.variant" value=""/>
    <property name="java.vendor.url" value="https://java.oracle.com/"/>
    <property name="user.timezone" value="Europe/Madrid"/>
    <property name="os.name" value="Windows 11"/>
    <property name="java.vm.specification.version" value="17"/>
    <property name="sun.java.launcher" value="SUN_STANDARD"/>
    <property name="user.country" value="ES"/>
    <property name="sun.boot.library.path" value="C:\Program Files\Java\jdk-17\bin"/>
    <property name="sun.java.command" value="C:\Users\jorge\AppData\Local\Temp\surefire12997380920834762337\surefirebooter8493110707952125279.jar C:\Users\jorge\AppData\Local\Temp\surefire12997380920834762337 2023-10-27T18-50-04_759-jvmRun1 surefire14523531986150497646tmp surefire_02765433467094487394tmp"/>
    <property name="jdk.debug" value="release"/>
    <property name="surefire.test.class.path" value="C:\Users\jorge\OneDrive\Escritorio\KarateTemplate-main\myproject\target\test-classes;C:\Users\jorge\OneDrive\Escritorio\KarateTemplate-main\myproject\target\classes;C:\Users\jorge\.m2\repository\com\intuit\karate\karate-junit5\1.2.0\karate-junit5-1.2.0.jar;C:\Users\jorge\.m2\repository\com\intuit\karate\karate-core\1.2.0\karate-core-1.2.0.jar;C:\Users\jorge\.m2\repository\org\graalvm\js\js-scriptengine\21.2.0\js-scriptengine-21.2.0.jar;C:\Users\jorge\.m2\repository\org\graalvm\sdk\graal-sdk\21.2.0\graal-sdk-21.2.0.jar;C:\Users\jorge\.m2\repository\org\graalvm\js\js\21.2.0\js-21.2.0.jar;C:\Users\jorge\.m2\repository\org\graalvm\regex\regex\21.2.0\regex-21.2.0.jar;C:\Users\jorge\.m2\repository\org\graalvm\truffle\truffle-api\21.2.0\truffle-api-21.2.0.jar;C:\Users\jorge\.m2\repository\com\ibm\icu\icu4j\69.1\icu4j-69.1.jar;C:\Users\jorge\.m2\repository\org\thymeleaf\thymeleaf\3.0.14.RELEASE\thymeleaf-3.0.14.RELEASE.jar;C:\Users\jorge\.m2\repository\ognl\ognl\3.1.26\ognl-3.1.26.jar;C:\Users\jorge\.m2\repository\org\javassist\javassist\3.20.0-GA\javassist-3.20.0-GA.jar;C:\Users\jorge\.m2\repository\org\attoparser\attoparser\2.0.5.RELEASE\attoparser-2.0.5.RELEASE.jar;C:\Users\jorge\.m2\repository\org\unbescape\unbescape\1.1.6.RELEASE\unbescape-1.1.6.RELEASE.jar;C:\Users\jorge\.m2\repository\org\slf4j\slf4j-api\1.7.25\slf4j-api-1.7.25.jar;C:\Users\jorge\.m2\repository\com\linecorp\armeria\armeria\1.13.4\armeria-1.13.4.jar;C:\Users\jorge\.m2\repository\com\fasterxml\jackson\core\jackson-core\2.13.0\jackson-core-2.13.0.jar;C:\Users\jorge\.m2\repository\com\fasterxml\jackson\core\jackson-annotations\2.13.0\jackson-annotations-2.13.0.jar;C:\Users\jorge\.m2\repository\com\fasterxml\jackson\core\jackson-databind\2.13.0\jackson-databind-2.13.0.jar;C:\Users\jorge\.m2\repository\io\micrometer\micrometer-core\1.7.6\micrometer-core-1.7.6.jar;C:\Users\jorge\.m2\repository\org\hdrhistogram\HdrHistogram\2.1.12\HdrHistogram-2.1.12.jar;C:\Users\jorge\.m2\repository\org\latencyutils\LatencyUtils\2.0.3\LatencyUtils-2.0.3.jar;C:\Users\jorge\.m2\repository\io\netty\netty-transport\4.1.70.Final\netty-transport-4.1.70.Final.jar;C:\Users\jorge\.m2\repository\io\netty\netty-common\4.1.70.Final\netty-common-4.1.70.Final.jar;C:\Users\jorge\.m2\repository\io\netty\netty-buffer\4.1.70.Final\netty-buffer-4.1.70.Final.jar;C:\Users\jorge\.m2\repository\io\netty\netty-resolver\4.1.70.Final\netty-resolver-4.1.70.Final.jar;C:\Users\jorge\.m2\repository\io\netty\netty-codec-http2\4.1.70.Final\netty-codec-http2-4.1.70.Final.jar;C:\Users\jorge\.m2\repository\io\netty\netty-codec\4.1.70.Final\netty-codec-4.1.70.Final.jar;C:\Users\jorge\.m2\repository\io\netty\netty-handler\4.1.70.Final\netty-handler-4.1.70.Final.jar;C:\Users\jorge\.m2\repository\io\netty\netty-codec-http\4.1.70.Final\netty-codec-http-4.1.70.Final.jar;C:\Users\jorge\.m2\repository\io\netty\netty-codec-haproxy\4.1.70.Final\netty-codec-haproxy-4.1.70.Final.jar;C:\Users\jorge\.m2\repository\io\netty\netty-resolver-dns\4.1.70.Final\netty-resolver-dns-4.1.70.Final.jar;C:\Users\jorge\.m2\repository\io\netty\netty-codec-dns\4.1.70.Final\netty-codec-dns-4.1.70.Final.jar;C:\Users\jorge\.m2\repository\org\reactivestreams\reactive-streams\1.0.3\reactive-streams-1.0.3.jar;C:\Users\jorge\.m2\repository\com\google\code\findbugs\jsr305\3.0.2\jsr305-3.0.2.jar;C:\Users\jorge\.m2\repository\io\netty\netty-resolver-dns-native-macos\4.1.70.Final\netty-resolver-dns-native-macos-4.1.70.Final-osx-x86_64.jar;C:\Users\jorge\.m2\repository\io\netty\netty-resolver-dns-classes-macos\4.1.70.Final\netty-resolver-dns-classes-macos-4.1.70.Final.jar;C:\Users\jorge\.m2\repository\io\netty\netty-transport-native-unix-common\4.1.70.Final\netty-transport-native-unix-common-4.1.70.Final-linux-x86_64.jar;C:\Users\jorge\.m2\repository\io\netty\netty-transport-native-epoll\4.1.70.Final\netty-transport-native-epoll-4.1.70.Final-linux-x86_64.jar;C:\Users\jorge\.m2\repository\io\netty\netty-transport-native-unix-common\4.1.70.Final\netty-transport-native-unix-common-4.1.70.Final.jar;C:\Users\jorge\.m2\repository\io\netty\netty-transport-classes-epoll\4.1.70.Final\netty-transport-classes-epoll-4.1.70.Final.jar;C:\Users\jorge\.m2\repository\io\netty\netty-tcnative-boringssl-static\2.0.44.Final\netty-tcnative-boringssl-static-2.0.44.Final.jar;C:\Users\jorge\.m2\repository\io\netty\netty-handler-proxy\4.1.70.Final\netty-handler-proxy-4.1.70.Final.jar;C:\Users\jorge\.m2\repository\io\netty\netty-codec-socks\4.1.70.Final\netty-codec-socks-4.1.70.Final.jar;C:\Users\jorge\.m2\repository\com\aayushatharva\brotli4j\brotli4j\1.6.0\brotli4j-1.6.0.jar;C:\Users\jorge\.m2\repository\com\aayushatharva\brotli4j\native-windows-x86_64\1.6.0\native-windows-x86_64-1.6.0.jar;C:\Users\jorge\.m2\repository\org\apache\httpcomponents\httpclient\4.5.13\httpclient-4.5.13.jar;C:\Users\jorge\.m2\repository\org\apache\httpcomponents\httpcore\4.4.13\httpcore-4.4.13.jar;C:\Users\jorge\.m2\repository\commons-codec\commons-codec\1.11\commons-codec-1.11.jar;C:\Users\jorge\.m2\repository\ch\qos\logback\logback-classic\1.2.9\logback-classic-1.2.9.jar;C:\Users\jorge\.m2\repository\ch\qos\logback\logback-core\1.2.9\logback-core-1.2.9.jar;C:\Users\jorge\.m2\repository\org\slf4j\jcl-over-slf4j\1.7.32\jcl-over-slf4j-1.7.32.jar;C:\Users\jorge\.m2\repository\org\antlr\antlr4-runtime\4.9.2\antlr4-runtime-4.9.2.jar;C:\Users\jorge\.m2\repository\com\jayway\jsonpath\json-path\2.7.0\json-path-2.7.0.jar;C:\Users\jorge\.m2\repository\net\minidev\json-smart\2.4.7\json-smart-2.4.7.jar;C:\Users\jorge\.m2\repository\net\minidev\accessors-smart\2.4.7\accessors-smart-2.4.7.jar;C:\Users\jorge\.m2\repository\org\ow2\asm\asm\9.1\asm-9.1.jar;C:\Users\jorge\.m2\repository\info\cukes\cucumber-java\1.2.5\cucumber-java-1.2.5.jar;C:\Users\jorge\.m2\repository\info\cukes\cucumber-core\1.2.5\cucumber-core-1.2.5.jar;C:\Users\jorge\.m2\repository\org\yaml\snakeyaml\1.29\snakeyaml-1.29.jar;C:\Users\jorge\.m2\repository\de\siegmar\fastcsv\2.0.0\fastcsv-2.0.0.jar;C:\Users\jorge\.m2\repository\info\picocli\picocli\4.6.1\picocli-4.6.1.jar;C:\Users\jorge\.m2\repository\io\github\classgraph\classgraph\4.8.108\classgraph-4.8.108.jar;C:\Users\jorge\.m2\repository\org\junit\jupiter\junit-jupiter-api\5.7.2\junit-jupiter-api-5.7.2.jar;C:\Users\jorge\.m2\repository\org\apiguardian\apiguardian-api\1.1.0\apiguardian-api-1.1.0.jar;C:\Users\jorge\.m2\repository\org\opentest4j\opentest4j\1.2.0\opentest4j-1.2.0.jar;C:\Users\jorge\.m2\repository\org\junit\platform\junit-platform-commons\1.7.2\junit-platform-commons-1.7.2.jar;C:\Users\jorge\.m2\repository\org\junit\jupiter\junit-jupiter-engine\5.7.2\junit-jupiter-engine-5.7.2.jar;C:\Users\jorge\.m2\repository\org\junit\platform\junit-platform-engine\1.7.2\junit-platform-engine-1.7.2.jar;C:\Users\jorge\.m2\repository\com\intuit\karate\karate-gatling\1.2.0\karate-gatling-1.2.0.jar;C:\Users\jorge\.m2\repository\io\gatling\highcharts\gatling-charts-highcharts\3.7.4\gatling-charts-highcharts-3.7.4.jar;C:\Users\jorge\.m2\repository\io\gatling\gatling-app\3.7.4\gatling-app-3.7.4.jar;C:\Users\jorge\.m2\repository\io\gatling\gatling-core\3.7.4\gatling-core-3.7.4.jar;C:\Users\jorge\.m2\repository\io\gatling\gatling-commons\3.7.4\gatling-commons-3.7.4.jar;C:\Users\jorge\.m2\repository\io\gatling\gatling-commons-shared\3.7.4\gatling-commons-shared-3.7.4.jar;C:\Users\jorge\.m2\repository\org\scala-lang\scala-reflect\2.13.8\scala-reflect-2.13.8.jar;C:\Users\jorge\.m2\repository\io\suzaku\boopickle_2.13\1.3.3\boopickle_2.13-1.3.3.jar;C:\Users\jorge\.m2\repository\io\gatling\gatling-commons-shared-unstable\3.7.4\gatling-commons-shared-unstable-3.7.4.jar;C:\Users\jorge\.m2\repository\org\typelevel\spire-macros_2.13\0.17.0\spire-macros_2.13-0.17.0.jar;C:\Users\jorge\.m2\repository\com\typesafe\scala-logging\scala-logging_2.13\3.9.4\scala-logging_2.13-3.9.4.jar;C:\Users\jorge\.m2\repository\io\gatling\gatling-jsonpath\3.7.4\gatling-jsonpath-3.7.4.jar;C:\Users\jorge\.m2\repository\com\typesafe\akka\akka-slf4j_2.13\2.6.18\akka-slf4j_2.13-2.6.18.jar;C:\Users\jorge\.m2\repository\org\simpleflatmapper\lightning-csv\8.2.3\lightning-csv-8.2.3.jar;C:\Users\jorge\.m2\repository\org\simpleflatmapper\sfm-util\8.2.3\sfm-util-8.2.3.jar;C:\Users\jorge\.m2\repository\com\github\ben-manes\caffeine\caffeine\2.9.3\caffeine-2.9.3.jar;C:\Users\jorge\.m2\repository\org\checkerframework\checker-qual\3.19.0\checker-qual-3.19.0.jar;C:\Users\jorge\.m2\repository\com\google\errorprone\error_prone_annotations\2.10.0\error_prone_annotations-2.10.0.jar;C:\Users\jorge\.m2\repository\io\pebbletemplates\pebble\3.1.5\pebble-3.1.5.jar;C:\Users\jorge\.m2\repository\org\scala-lang\modules\scala-parser-combinators_2.13\2.1.0\scala-parser-combinators_2.13-2.1.0.jar;C:\Users\jorge\.m2\repository\com\github\scopt\scopt_2.13\3.7.1\scopt_2.13-3.7.1.jar;C:\Users\jorge\.m2\repository\com\softwaremill\quicklens\quicklens_2.13\1.8.2\quicklens_2.13-1.8.2.jar;C:\Users\jorge\.m2\repository\net\sf\saxon\Saxon-HE\10.6\Saxon-HE-10.6.jar;C:\Users\jorge\.m2\repository\org\jodd\jodd-lagarto\6.0.5\jodd-lagarto-6.0.5.jar;C:\Users\jorge\.m2\repository\org\jodd\jodd-util\6.0.1\jodd-util-6.0.1.jar;C:\Users\jorge\.m2\repository\io\burt\jmespath-jackson\0.5.1\jmespath-jackson-0.5.1.jar;C:\Users\jorge\.m2\repository\io\burt\jmespath-core\0.5.1\jmespath-core-0.5.1.jar;C:\Users\jorge\.m2\repository\io\gatling\gatling-core-java\3.7.4\gatling-core-java-3.7.4.jar;C:\Users\jorge\.m2\repository\net\jodah\typetools\0.6.3\typetools-0.6.3.jar;C:\Users\jorge\.m2\repository\io\gatling\gatling-http\3.7.4\gatling-http-3.7.4.jar;C:\Users\jorge\.m2\repository\io\gatling\gatling-http-client\3.7.4\gatling-http-client-3.7.4.jar;C:\Users\jorge\.m2\repository\com\aayushatharva\brotli4j\native-linux-x86_64\1.6.0\native-linux-x86_64-1.6.0.jar;C:\Users\jorge\.m2\repository\com\aayushatharva\brotli4j\native-linux-aarch64\1.6.0\native-linux-aarch64-1.6.0.jar;C:\Users\jorge\.m2\repository\com\aayushatharva\brotli4j\native-osx-x86_64\1.6.0\native-osx-x86_64-1.6.0.jar;C:\Users\jorge\.m2\repository\io\gatling\gatling-http-java\3.7.4\gatling-http-java-3.7.4.jar;C:\Users\jorge\.m2\repository\io\gatling\gatling-jms\3.7.4\gatling-jms-3.7.4.jar;C:\Users\jorge\.m2\repository\javax\jms\javax.jms-api\2.0.1\javax.jms-api-2.0.1.jar;C:\Users\jorge\.m2\repository\com\eatthepath\fast-uuid\0.2.0\fast-uuid-0.2.0.jar;C:\Users\jorge\.m2\repository\io\gatling\gatling-jms-java\3.7.4\gatling-jms-java-3.7.4.jar;C:\Users\jorge\.m2\repository\io\gatling\gatling-mqtt\3.7.4\gatling-mqtt-3.7.4.jar;C:\Users\jorge\.m2\repository\io\gatling\gatling-netty-util\3.7.4\gatling-netty-util-3.7.4.jar;C:\Users\jorge\.m2\repository\io\netty\netty-codec-mqtt\4.1.73.Final\netty-codec-mqtt-4.1.73.Final.jar;C:\Users\jorge\.m2\repository\io\netty\netty-transport-native-epoll\4.1.73.Final\netty-transport-native-epoll-4.1.73.Final-linux-aarch_64.jar;C:\Users\jorge\.m2\repository\io\gatling\gatling-mqtt-java\3.7.4\gatling-mqtt-java-3.7.4.jar;C:\Users\jorge\.m2\repository\io\gatling\gatling-jdbc\3.7.4\gatling-jdbc-3.7.4.jar;C:\Users\jorge\.m2\repository\io\gatling\gatling-jdbc-java\3.7.4\gatling-jdbc-java-3.7.4.jar;C:\Users\jorge\.m2\repository\io\gatling\gatling-redis\3.7.4\gatling-redis-3.7.4.jar;C:\Users\jorge\.m2\repository\net\debasishg\redisclient_2.13\3.42\redisclient_2.13-3.42.jar;C:\Users\jorge\.m2\repository\org\apache\commons\commons-pool2\2.8.0\commons-pool2-2.8.0.jar;C:\Users\jorge\.m2\repository\io\gatling\gatling-redis-java\3.7.4\gatling-redis-java-3.7.4.jar;C:\Users\jorge\.m2\repository\io\gatling\gatling-graphite\3.7.4\gatling-graphite-3.7.4.jar;C:\Users\jorge\.m2\repository\io\gatling\gatling-charts\3.7.4\gatling-charts-3.7.4.jar;C:\Users\jorge\.m2\repository\com\tdunning\t-digest\3.1\t-digest-3.1.jar;C:\Users\jorge\.m2\repository\io\gatling\gatling-recorder\3.7.4\gatling-recorder-3.7.4.jar;C:\Users\jorge\.m2\repository\org\scala-lang\modules\scala-swing_2.13\3.0.0\scala-swing_2.13-3.0.0.jar;C:\Users\jorge\.m2\repository\org\bouncycastle\bcpkix-jdk15on\1.70\bcpkix-jdk15on-1.70.jar;C:\Users\jorge\.m2\repository\org\bouncycastle\bcprov-jdk15on\1.70\bcprov-jdk15on-1.70.jar;C:\Users\jorge\.m2\repository\org\bouncycastle\bcutil-jdk15on\1.70\bcutil-jdk15on-1.70.jar;C:\Users\jorge\.m2\repository\com\typesafe\akka\akka-actor_2.13\2.6.18\akka-actor_2.13-2.6.18.jar;C:\Users\jorge\.m2\repository\com\typesafe\config\1.4.0\config-1.4.0.jar;C:\Users\jorge\.m2\repository\org\scala-lang\modules\scala-java8-compat_2.13\1.0.0\scala-java8-compat_2.13-1.0.0.jar;C:\Users\jorge\.m2\repository\org\scala-lang\scala-library\2.13.8\scala-library-2.13.8.jar;"/>
    <property name="sun.cpu.endian" value="little"/>
    <property name="user.home" value="C:\Users\jorge"/>
    <property name="user.language" value="es"/>
    <property name="java.specification.vendor" value="Oracle Corporation"/>
    <property name="java.version.date" value="2023-07-18"/>
    <property name="java.home" value="C:\Program Files\Java\jdk-17"/>
    <property name="file.separator" value="\"/>
    <property name="basedir" value="C:\Users\jorge\OneDrive\Escritorio\KarateTemplate-main\myproject"/>
    <property name="java.vm.compressedOopsMode" value="32-bit"/>
    <property name="line.separator" value="&#10;"/>
    <property name="java.vm.specification.vendor" value="Oracle Corporation"/>
    <property name="java.specification.name" value="Java Platform API Specification"/>
    <property name="surefire.real.class.path" value="C:\Users\jorge\AppData\Local\Temp\surefire12997380920834762337\surefirebooter8493110707952125279.jar"/>
    <property name="user.script" value=""/>
    <property name="sun.management.compiler" value="HotSpot 64-Bit Tiered Compilers"/>
    <property name="java.runtime.version" value="17.0.8+9-LTS-211"/>
    <property name="user.name" value="jorge"/>
    <property name="path.separator" value=";"/>
    <property name="os.version" value="10.0"/>
    <property name="java.runtime.name" value="Java(TM) SE Runtime Environment"/>
    <property name="file.encoding" value="UTF-8"/>
    <property name="java.vm.name" value="Java HotSpot(TM) 64-Bit Server VM"/>
    <property name="localRepository" value="C:\Users\jorge\.m2\repository"/>
    <property name="java.vendor.url.bug" value="https://bugreport.java.com/bugreport/"/>
    <property name="java.io.tmpdir" value="C:\Users\jorge\AppData\Local\Temp\"/>
    <property name="java.version" value="17.0.8"/>
    <property name="user.dir" value="C:\Users\jorge\OneDrive\Escritorio\KarateTemplate-main\myproject"/>
    <property name="os.arch" value="amd64"/>
    <property name="java.vm.specification.name" value="Java Virtual Machine Specification"/>
    <property name="sun.os.patch.level" value=""/>
    <property name="native.encoding" value="Cp1252"/>
    <property name="java.library.path" value="C:\Program Files\Java\jdk-17\bin;C:\WINDOWS\Sun\Java\bin;C:\WINDOWS\system32;C:\WINDOWS;C:\Windows\System32\HWAudioDriverLibs;C:\Windows\system32;C:\Windows;C:\Windows\System32\Wbem;C:\Windows\System32\WindowsPowerShell\v1.0\;C:\Windows\System32\OpenSSH\;C:\Windows\system32\config\systemprofile\AppData\Local\Microsoft\WindowsApps;C:\WINDOWS\system32;C:\WINDOWS;C:\WINDOWS\System32\Wbem;C:\WINDOWS\System32\WindowsPowerShell\v1.0\;C:\WINDOWS\System32\OpenSSH\;C:\Program Files\nodejs\;C:\maven\apache-maven-3.9.4\bin;C:\Program Files\Java\jdk-17\bin;C:\gradle\bin;C:\Program Files\Git\cmd;C:\ProgramData\chocolatey\bin;C:\Users\jorge\.console-ninja\.bin;C:\Users\jorge\AppData\Local\Programs\Python\Python310\Scripts\;C:\Users\jorge\AppData\Local\Programs\Python\Python310\;C:\Users\jorge\AppData\Local\Microsoft\WindowsApps;C:\Users\jorge\Desktop\Master en java\jdk-18.0.1.1\bin;C:\Users\jorge\AppData\Roaming\npm;C:\Users\jorge\AppData\Local\Microsoft\WindowsApps;C:\gradle\bin;C:\Users\jorge\AppData\Local\Programs\Microsoft VS Code\bin;."/>
    <property name="java.vm.info" value="mixed mode, sharing"/>
    <property name="java.vendor" value="Oracle Corporation"/>
    <property name="java.vm.version" value="17.0.8+9-LTS-211"/>
    <property name="sun.io.unicode.encoding" value="UnicodeLittle"/>
    <property name="java.class.version" value="61.0"/>
  </properties>
  <testcase name="testParallel" classname="features.ManagementTest" time="4.83"/>
</testsuite>